app/build/intermediates/manifest_merge_blame_file/release/manifest-merger-blame-release-report.txt
1<?xml version="1.0" encoding="utf-8"?>
2<manifest xmlns:android="http://schemas.android.com/apk/res/android"
3    package="pbc.naturals.pbc"
4    android:versionCode="1"
5    android:versionName="1.0" >
6
7    <uses-sdk
8        android:minSdkVersion="16"
8-->src\main\AndroidManifest.xml
9        android:targetSdkVersion="29" />
9-->src\main\AndroidManifest.xml
10
11    <!-- Although the *SdkVersion is captured in gradle build files, this is required for non gradle builds -->
12    <!-- <uses-sdk android:minSdkVersion="14"/> -->
13    <uses-permission android:name="android.permission.ACCESS_NETWORK_STATE" />
13-->[com.google.firebase:firebase-storage:19.1.1] AndroidManifest.xml:26:5-79
13-->[com.google.firebase:firebase-storage:19.1.1] AndroidManifest.xml:26:22-76
14    <uses-permission android:name="android.permission.INTERNET" />
14-->[com.google.firebase:firebase-storage:19.1.1] AndroidManifest.xml:27:5-67
14-->[com.google.firebase:firebase-storage:19.1.1] AndroidManifest.xml:27:22-64
15
16    <application
16-->src\main\AndroidManifest.xml:5:5-37:19
17        android:name="androidx.multidex.MultiDexApplication"
18        android:allowBackup="true"
18-->src\main\AndroidManifest.xml:6:9-35
19        android:appComponentFactory="androidx.core.app.CoreComponentFactory"
19-->[androidx.core:core:1.1.0] AndroidManifest.xml:24:18-86
20        android:label="@string/app_name"
20-->src\main\AndroidManifest.xml:7:9-41
21        android:supportsRtl="true"
21-->src\main\AndroidManifest.xml:8:9-35
22        android:testOnly="true"
23        android:theme="@style/AppTheme" >
23-->src\main\AndroidManifest.xml:9:9-40
24        <activity android:name="pbc.naturals.pbc.Booking" >
24-->src\main\AndroidManifest.xml:10:9-12:20
24-->src\main\AndroidManifest.xml:10:19-42
25        </activity>
26        <activity android:name="pbc.naturals.pbc.MainFragmentHolder" >
26-->src\main\AndroidManifest.xml:13:9-19:20
26-->src\main\AndroidManifest.xml:13:19-53
27            <intent-filter>
27-->src\main\AndroidManifest.xml:14:13-18:29
28                <action android:name="android.intent.action.MAIN" />
28-->src\main\AndroidManifest.xml:15:17-69
28-->src\main\AndroidManifest.xml:15:25-66
29
30                <category android:name="android.intent.category.LAUNCHER" />
30-->src\main\AndroidManifest.xml:17:17-77
30-->src\main\AndroidManifest.xml:17:27-74
31            </intent-filter>
32        </activity>
33        <activity android:name="pbc.naturals.pbc.Padecure" />
33-->src\main\AndroidManifest.xml:20:9-46
33-->src\main\AndroidManifest.xml:20:19-43
34        <activity android:name="pbc.naturals.pbc.Manecure" />
34-->src\main\AndroidManifest.xml:21:9-46
34-->src\main\AndroidManifest.xml:21:19-43
35        <activity android:name="pbc.naturals.pbc.Haircut" />
35-->src\main\AndroidManifest.xml:22:9-45
35-->src\main\AndroidManifest.xml:22:19-42
36        <activity android:name="pbc.naturals.pbc.Bleach" />
36-->src\main\AndroidManifest.xml:23:9-44
36-->src\main\AndroidManifest.xml:23:19-41
37        <activity android:name="pbc.naturals.pbc.FaceTreatment" />
37-->src\main\AndroidManifest.xml:24:9-51
37-->src\main\AndroidManifest.xml:24:19-48
38        <activity android:name="pbc.naturals.pbc.HairSpa" />
38-->src\main\AndroidManifest.xml:25:9-45
38-->src\main\AndroidManifest.xml:25:19-42
39        <activity android:name="pbc.naturals.pbc.BodyPolishing" />
39-->src\main\AndroidManifest.xml:26:9-51
39-->src\main\AndroidManifest.xml:26:19-48
40        <activity android:name="pbc.naturals.pbc.HairStyle" />
40-->src\main\AndroidManifest.xml:27:9-47
40-->src\main\AndroidManifest.xml:27:19-44
41        <activity android:name="pbc.naturals.pbc.Threading" />
41-->src\main\AndroidManifest.xml:28:9-47
41-->src\main\AndroidManifest.xml:28:19-44
42        <activity android:name="pbc.naturals.pbc.Wax" />
42-->src\main\AndroidManifest.xml:29:9-41
42-->src\main\AndroidManifest.xml:29:19-38
43        <activity android:name="pbc.naturals.pbc.Facial" />
43-->src\main\AndroidManifest.xml:30:9-44
43-->src\main\AndroidManifest.xml:30:19-41
44        <activity android:name="pbc.naturals.pbc.BridalPackage" />
44-->src\main\AndroidManifest.xml:31:9-51
44-->src\main\AndroidManifest.xml:31:19-48
45        <activity android:name="pbc.naturals.pbc.MainActivity2" />
45-->src\main\AndroidManifest.xml:32:9-51
45-->src\main\AndroidManifest.xml:32:19-48
46        <activity android:name="pbc.naturals.pbc.RegisterActivity" />
46-->src\main\AndroidManifest.xml:33:9-54
46-->src\main\AndroidManifest.xml:33:19-51
47        <activity android:name="pbc.naturals.pbc.LoginActivity" />
47-->src\main\AndroidManifest.xml:34:9-51
47-->src\main\AndroidManifest.xml:34:19-48
48        <activity android:name="pbc.naturals.pbc.ItemDetail" />
48-->src\main\AndroidManifest.xml:35:9-48
48-->src\main\AndroidManifest.xml:35:19-45
49        <activity android:name="pbc.naturals.pbc.MainActivity" />
49-->src\main\AndroidManifest.xml:36:9-59
49-->src\main\AndroidManifest.xml:36:19-47
50
51        <service
51-->[com.google.firebase:firebase-storage:19.1.1] AndroidManifest.xml:30:9-36:19
52            android:name="com.google.firebase.components.ComponentDiscoveryService"
52-->[com.google.firebase:firebase-storage:19.1.1] AndroidManifest.xml:31:13-84
53            android:directBootAware="true"
53-->[com.google.firebase:firebase-common:19.3.0] AndroidManifest.xml:34:13-43
54            android:exported="false" >
54-->[com.google.firebase:firebase-storage:19.1.1] AndroidManifest.xml:32:13-37
55            <meta-data
55-->[com.google.firebase:firebase-storage:19.1.1] AndroidManifest.xml:33:13-35:85
56                android:name="com.google.firebase.components:com.google.firebase.storage.StorageRegistrar"
56-->[com.google.firebase:firebase-storage:19.1.1] AndroidManifest.xml:34:17-107
57                android:value="com.google.firebase.components.ComponentRegistrar" />
57-->[com.google.firebase:firebase-storage:19.1.1] AndroidManifest.xml:35:17-82
58            <meta-data
58-->[com.google.firebase:firebase-auth:19.3.1] AndroidManifest.xml:36:13-38:85
59                android:name="com.google.firebase.components:com.google.firebase.auth.FirebaseAuthRegistrar"
59-->[com.google.firebase:firebase-auth:19.3.1] AndroidManifest.xml:37:17-109
60                android:value="com.google.firebase.components.ComponentRegistrar" />
60-->[com.google.firebase:firebase-auth:19.3.1] AndroidManifest.xml:38:17-82
61            <meta-data
61-->[com.google.firebase:firebase-firestore:21.4.3] AndroidManifest.xml:20:13-22:85
62                android:name="com.google.firebase.components:com.google.firebase.firestore.FirestoreRegistrar"
62-->[com.google.firebase:firebase-firestore:21.4.3] AndroidManifest.xml:21:17-111
63                android:value="com.google.firebase.components.ComponentRegistrar" />
63-->[com.google.firebase:firebase-firestore:21.4.3] AndroidManifest.xml:22:17-82
64        </service>
65
66        <activity
66-->[com.google.firebase:firebase-auth:19.3.1] AndroidManifest.xml:24:9-31:50
67            android:name="com.google.firebase.auth.internal.FederatedSignInActivity"
67-->[com.google.firebase:firebase-auth:19.3.1] AndroidManifest.xml:25:13-85
68            android:excludeFromRecents="true"
68-->[com.google.firebase:firebase-auth:19.3.1] AndroidManifest.xml:26:13-46
69            android:exported="true"
69-->[com.google.firebase:firebase-auth:19.3.1] AndroidManifest.xml:27:13-36
70            android:launchMode="singleTask"
70-->[com.google.firebase:firebase-auth:19.3.1] AndroidManifest.xml:28:13-44
71            android:permission="com.google.firebase.auth.api.gms.permission.LAUNCH_FEDERATED_SIGN_IN"
71-->[com.google.firebase:firebase-auth:19.3.1] AndroidManifest.xml:29:13-102
72            android:theme="@android:style/Theme.Translucent.NoTitleBar" />
72-->[com.google.firebase:firebase-auth:19.3.1] AndroidManifest.xml:30:13-72
73        <activity
73-->[com.google.android.gms:play-services-base:17.1.0] AndroidManifest.xml:23:9-26:75
74            android:name="com.google.android.gms.common.api.GoogleApiActivity"
74-->[com.google.android.gms:play-services-base:17.1.0] AndroidManifest.xml:24:13-79
75            android:exported="false"
75-->[com.google.android.gms:play-services-base:17.1.0] AndroidManifest.xml:25:13-37
76            android:theme="@android:style/Theme.Translucent.NoTitleBar" />
76-->[com.google.android.gms:play-services-base:17.1.0] AndroidManifest.xml:26:13-72
77
78        <provider
78-->[com.google.firebase:firebase-common:19.3.0] AndroidManifest.xml:26:9-30:39
79            android:name="com.google.firebase.provider.FirebaseInitProvider"
79-->[com.google.firebase:firebase-common:19.3.0] AndroidManifest.xml:27:13-77
80            android:authorities="pbc.naturals.pbc.firebaseinitprovider"
80-->[com.google.firebase:firebase-common:19.3.0] AndroidManifest.xml:28:13-72
81            android:exported="false"
81-->[com.google.firebase:firebase-common:19.3.0] AndroidManifest.xml:29:13-37
82            android:initOrder="100" />
82-->[com.google.firebase:firebase-common:19.3.0] AndroidManifest.xml:30:13-36
83
84        <meta-data
84-->[com.google.android.gms:play-services-basement:17.0.0] AndroidManifest.xml:23:9-25:69
85            android:name="com.google.android.gms.version"
85-->[com.google.android.gms:play-services-basement:17.0.0] AndroidManifest.xml:24:13-58
86            android:value="@integer/google_play_services_version" />
86-->[com.google.android.gms:play-services-basement:17.0.0] AndroidManifest.xml:25:13-66
87
88        <provider
88-->[com.squareup.picasso:picasso:2.71828] AndroidManifest.xml:8:9-11:40
89            android:name="com.squareup.picasso.PicassoProvider"
89-->[com.squareup.picasso:picasso:2.71828] AndroidManifest.xml:9:13-64
90            android:authorities="pbc.naturals.pbc.com.squareup.picasso"
90-->[com.squareup.picasso:picasso:2.71828] AndroidManifest.xml:10:13-72
91            android:exported="false" />
91-->[com.squareup.picasso:picasso:2.71828] AndroidManifest.xml:11:13-37
92    </application>
93
94</manifest>